Determining if the pthread_create exist failed with the following output:
Change Dir: /nv/coc-ice/sramamoorthy8/p3sub/p3/build/CMakeFiles/CMakeTmp

Run Build Command:"/usr/bin/gmake" "cmTC_e2bed/fast"
/usr/bin/gmake -f CMakeFiles/cmTC_e2bed.dir/build.make CMakeFiles/cmTC_e2bed.dir/build
gmake[1]: Entering directory `/nv/coc-ice/sramamoorthy8/p3sub/p3/build/CMakeFiles/CMakeTmp'
Building C object CMakeFiles/cmTC_e2bed.dir/CheckSymbolExists.c.o
/usr/local/pacerepov1/gcc/4.9.0/bin/gcc   -fPIC    -o CMakeFiles/cmTC_e2bed.dir/CheckSymbolExists.c.o   -c /nv/coc-ice/sramamoorthy8/p3sub/p3/build/CMakeFiles/CMakeTmp/CheckSymbolExists.c
Linking C executable cmTC_e2bed
/nv/usr-local-rhel6.7/pacerepov1/cmake/3.9.1/bin/cmake -E cmake_link_script CMakeFiles/cmTC_e2bed.dir/link.txt --verbose=1
/usr/local/pacerepov1/gcc/4.9.0/bin/gcc -fPIC   -L/usr/local/pacerepov1//openmpi/1.8/gcc-4.9.0/lib -L/usr/local/pacerepov1/cuda/9.1/lib64 -L/usr/local/pacerepov1/cuda/9.1/lib -L/usr/local/pacerepov1/gcc/mpc/0.9/lib -L/usr/local/pacerepov1/gcc/mpfr/3.1.0/lib -L/usr/local/pacerepov1/gmp/5.0.2/lib -L/usr/local/pacerepov1/gcc/4.9.0/lib64  CMakeFiles/cmTC_e2bed.dir/CheckSymbolExists.c.o  -o cmTC_e2bed 
CMakeFiles/cmTC_e2bed.dir/CheckSymbolExists.c.o: In function `main':
CheckSymbolExists.c:(.text+0x1b): undefined reference to `pthread_create'
collect2: error: ld returned 1 exit status
gmake[1]: *** [cmTC_e2bed] Error 1
gmake[1]: Leaving directory `/nv/coc-ice/sramamoorthy8/p3sub/p3/build/CMakeFiles/CMakeTmp'
gmake: *** [cmTC_e2bed/fast] Error 2

File /nv/coc-ice/sramamoorthy8/p3sub/p3/build/CMakeFiles/CMakeTmp/CheckSymbolExists.c:
/* */
#include <pthread.h>

int main(int argc, char** argv)
{
  (void)argv;
#ifndef pthread_create
  return ((int*)(&pthread_create))[argc];
#else
  (void)argc;
  return 0;
#endif
}

Determining if the function pthread_create exists in the pthreads failed with the following output:
Change Dir: /nv/coc-ice/sramamoorthy8/p3sub/p3/build/CMakeFiles/CMakeTmp

Run Build Command:"/usr/bin/gmake" "cmTC_fe0f4/fast"
/usr/bin/gmake -f CMakeFiles/cmTC_fe0f4.dir/build.make CMakeFiles/cmTC_fe0f4.dir/build
gmake[1]: Entering directory `/nv/coc-ice/sramamoorthy8/p3sub/p3/build/CMakeFiles/CMakeTmp'
Building C object CMakeFiles/cmTC_fe0f4.dir/CheckFunctionExists.c.o
/usr/local/pacerepov1/gcc/4.9.0/bin/gcc   -fPIC -DCHECK_FUNCTION_EXISTS=pthread_create   -o CMakeFiles/cmTC_fe0f4.dir/CheckFunctionExists.c.o   -c /nv/usr-local-rhel6.7/pacerepov1/cmake/3.9.1/share/cmake-3.9/Modules/CheckFunctionExists.c
Linking C executable cmTC_fe0f4
/nv/usr-local-rhel6.7/pacerepov1/cmake/3.9.1/bin/cmake -E cmake_link_script CMakeFiles/cmTC_fe0f4.dir/link.txt --verbose=1
/usr/local/pacerepov1/gcc/4.9.0/bin/gcc -fPIC -DCHECK_FUNCTION_EXISTS=pthread_create  -L/usr/local/pacerepov1//openmpi/1.8/gcc-4.9.0/lib -L/usr/local/pacerepov1/cuda/9.1/lib64 -L/usr/local/pacerepov1/cuda/9.1/lib -L/usr/local/pacerepov1/gcc/mpc/0.9/lib -L/usr/local/pacerepov1/gcc/mpfr/3.1.0/lib -L/usr/local/pacerepov1/gmp/5.0.2/lib -L/usr/local/pacerepov1/gcc/4.9.0/lib64  CMakeFiles/cmTC_fe0f4.dir/CheckFunctionExists.c.o  -o cmTC_fe0f4 -lpthreads 
/usr/bin/ld: cannot find -lpthreads
collect2: error: ld returned 1 exit status
gmake[1]: *** [cmTC_fe0f4] Error 1
gmake[1]: Leaving directory `/nv/coc-ice/sramamoorthy8/p3sub/p3/build/CMakeFiles/CMakeTmp'
gmake: *** [cmTC_fe0f4/fast] Error 2


