Determining if the pthread_create exist failed with the following output:
Change Dir: /nv/coc-ice/nmehta78/se3/build/CMakeFiles/CMakeTmp

Run Build Command:"/usr/bin/gmake" "cmTC_97c98/fast"
/usr/bin/gmake -f CMakeFiles/cmTC_97c98.dir/build.make CMakeFiles/cmTC_97c98.dir/build
gmake[1]: Entering directory `/nv/coc-ice/nmehta78/se3/build/CMakeFiles/CMakeTmp'
Building C object CMakeFiles/cmTC_97c98.dir/CheckSymbolExists.c.o
/usr/local/pacerepov1/gcc/7.3.0/bin/gcc    -o CMakeFiles/cmTC_97c98.dir/CheckSymbolExists.c.o   -c /nv/coc-ice/nmehta78/se3/build/CMakeFiles/CMakeTmp/CheckSymbolExists.c
Linking C executable cmTC_97c98
/nv/usr-local-rhel6.7/pacerepov1/cmake/3.9.1/bin/cmake -E cmake_link_script CMakeFiles/cmTC_97c98.dir/link.txt --verbose=1
/usr/local/pacerepov1/gcc/7.3.0/bin/gcc    -L/usr/local/pacerepov1/gcc/mpc/0.9/lib -L/usr/local/pacerepov1/gcc/mpfr/3.1.0/lib -L/usr/local/pacerepov1/gmp/6.1.0/lib -L/usr/local/pacerepov1/gcc/7.3.0/lib64  CMakeFiles/cmTC_97c98.dir/CheckSymbolExists.c.o  -o cmTC_97c98 
CMakeFiles/cmTC_97c98.dir/CheckSymbolExists.c.o: In function `main':
CheckSymbolExists.c:(.text+0x16): undefined reference to `pthread_create'
collect2: error: ld returned 1 exit status
gmake[1]: *** [cmTC_97c98] Error 1
gmake[1]: Leaving directory `/nv/coc-ice/nmehta78/se3/build/CMakeFiles/CMakeTmp'
gmake: *** [cmTC_97c98/fast] Error 2

File /nv/coc-ice/nmehta78/se3/build/CMakeFiles/CMakeTmp/CheckSymbolExists.c:
/* */
#include <pthread.h>

int main(int argc, char** argv)
{
  (void)argv;
#ifndef pthread_create
  return ((int*)(&pthread_create))[argc];
#else
  (void)argc;
  return 0;
#endif
}

Determining if the function pthread_create exists in the pthreads failed with the following output:
Change Dir: /nv/coc-ice/nmehta78/se3/build/CMakeFiles/CMakeTmp

Run Build Command:"/usr/bin/gmake" "cmTC_a4f2b/fast"
/usr/bin/gmake -f CMakeFiles/cmTC_a4f2b.dir/build.make CMakeFiles/cmTC_a4f2b.dir/build
gmake[1]: Entering directory `/nv/coc-ice/nmehta78/se3/build/CMakeFiles/CMakeTmp'
Building C object CMakeFiles/cmTC_a4f2b.dir/CheckFunctionExists.c.o
/usr/local/pacerepov1/gcc/7.3.0/bin/gcc   -DCHECK_FUNCTION_EXISTS=pthread_create   -o CMakeFiles/cmTC_a4f2b.dir/CheckFunctionExists.c.o   -c /nv/usr-local-rhel6.7/pacerepov1/cmake/3.9.1/share/cmake-3.9/Modules/CheckFunctionExists.c
Linking C executable cmTC_a4f2b
/nv/usr-local-rhel6.7/pacerepov1/cmake/3.9.1/bin/cmake -E cmake_link_script CMakeFiles/cmTC_a4f2b.dir/link.txt --verbose=1
/usr/local/pacerepov1/gcc/7.3.0/bin/gcc  -DCHECK_FUNCTION_EXISTS=pthread_create  -L/usr/local/pacerepov1/gcc/mpc/0.9/lib -L/usr/local/pacerepov1/gcc/mpfr/3.1.0/lib -L/usr/local/pacerepov1/gmp/6.1.0/lib -L/usr/local/pacerepov1/gcc/7.3.0/lib64  CMakeFiles/cmTC_a4f2b.dir/CheckFunctionExists.c.o  -o cmTC_a4f2b -lpthreads 
/usr/bin/ld: cannot find -lpthreads
collect2: error: ld returned 1 exit status
gmake[1]: *** [cmTC_a4f2b] Error 1
gmake[1]: Leaving directory `/nv/coc-ice/nmehta78/se3/build/CMakeFiles/CMakeTmp'
gmake: *** [cmTC_a4f2b/fast] Error 2


