The system is: Linux - 2.6.32-573.12.1.el6.x86_64 - x86_64
Compiling the C compiler identification source file "CMakeCCompilerId.c" succeeded.
Compiler: /usr/local/pacerepov1/gcc/7.3.0/bin/gcc 
Build flags: 
Id flags:  

The output was:
0


Compilation of the C compiler identification source "CMakeCCompilerId.c" produced "a.out"

The C compiler identification is GNU, found in "/nv/coc-ice/nmehta78/se3/build/CMakeFiles/3.9.1/CompilerIdC/a.out"

Compiling the CXX compiler identification source file "CMakeCXXCompilerId.cpp" succeeded.
Compiler: /usr/local/pacerepov1/gcc/7.3.0/bin/g++ 
Build flags: 
Id flags:  

The output was:
0


Compilation of the CXX compiler identification source "CMakeCXXCompilerId.cpp" produced "a.out"

The CXX compiler identification is GNU, found in "/nv/coc-ice/nmehta78/se3/build/CMakeFiles/3.9.1/CompilerIdCXX/a.out"

Determining if the C compiler works passed with the following output:
Change Dir: /nv/coc-ice/nmehta78/se3/build/CMakeFiles/CMakeTmp

Run Build Command:"/usr/bin/gmake" "cmTC_b6bdd/fast"
/usr/bin/gmake -f CMakeFiles/cmTC_b6bdd.dir/build.make CMakeFiles/cmTC_b6bdd.dir/build
gmake[1]: Entering directory `/nv/coc-ice/nmehta78/se3/build/CMakeFiles/CMakeTmp'
Building C object CMakeFiles/cmTC_b6bdd.dir/testCCompiler.c.o
/usr/local/pacerepov1/gcc/7.3.0/bin/gcc    -o CMakeFiles/cmTC_b6bdd.dir/testCCompiler.c.o   -c /nv/coc-ice/nmehta78/se3/build/CMakeFiles/CMakeTmp/testCCompiler.c
Linking C executable cmTC_b6bdd
/nv/usr-local-rhel6.7/pacerepov1/cmake/3.9.1/bin/cmake -E cmake_link_script CMakeFiles/cmTC_b6bdd.dir/link.txt --verbose=1
/usr/local/pacerepov1/gcc/7.3.0/bin/gcc    -L/usr/local/pacerepov1/gcc/mpc/0.9/lib -L/usr/local/pacerepov1/gcc/mpfr/3.1.0/lib -L/usr/local/pacerepov1/gmp/6.1.0/lib -L/usr/local/pacerepov1/gcc/7.3.0/lib64  CMakeFiles/cmTC_b6bdd.dir/testCCompiler.c.o  -o cmTC_b6bdd 
gmake[1]: Leaving directory `/nv/coc-ice/nmehta78/se3/build/CMakeFiles/CMakeTmp'


Detecting C compiler ABI info compiled with the following output:
Change Dir: /nv/coc-ice/nmehta78/se3/build/CMakeFiles/CMakeTmp

Run Build Command:"/usr/bin/gmake" "cmTC_a5775/fast"
/usr/bin/gmake -f CMakeFiles/cmTC_a5775.dir/build.make CMakeFiles/cmTC_a5775.dir/build
gmake[1]: Entering directory `/nv/coc-ice/nmehta78/se3/build/CMakeFiles/CMakeTmp'
Building C object CMakeFiles/cmTC_a5775.dir/CMakeCCompilerABI.c.o
/usr/local/pacerepov1/gcc/7.3.0/bin/gcc    -o CMakeFiles/cmTC_a5775.dir/CMakeCCompilerABI.c.o   -c /nv/usr-local-rhel6.7/pacerepov1/cmake/3.9.1/share/cmake-3.9/Modules/CMakeCCompilerABI.c
Linking C executable cmTC_a5775
/nv/usr-local-rhel6.7/pacerepov1/cmake/3.9.1/bin/cmake -E cmake_link_script CMakeFiles/cmTC_a5775.dir/link.txt --verbose=1
/usr/local/pacerepov1/gcc/7.3.0/bin/gcc    -L/usr/local/pacerepov1/gcc/mpc/0.9/lib -L/usr/local/pacerepov1/gcc/mpfr/3.1.0/lib -L/usr/local/pacerepov1/gmp/6.1.0/lib -L/usr/local/pacerepov1/gcc/7.3.0/lib64 -v CMakeFiles/cmTC_a5775.dir/CMakeCCompilerABI.c.o  -o cmTC_a5775 
Using built-in specs.
COLLECT_GCC=/usr/local/pacerepov1/gcc/7.3.0/bin/gcc
COLLECT_LTO_WRAPPER=/nv/usr-local-rhel6.7/pacerepov1/gcc/7.3.0/bin/../libexec/gcc/x86_64-pc-linux-gnu/7.3.0/lto-wrapper
Target: x86_64-pc-linux-gnu
Configured with: ../configure --prefix=/usr/local/pacerepov1/gcc/7.3.0/ --with-gmp=/usr/local/pacerepov1/gmp/6.1.0/gcc-4.9.0/ --with-gmp-lib=/usr/local/pacerepov1/gmp/6.1.0/gcc-4.9.0/lib/ --with-mpfr=/usr/local/pacerepov1/mpfr/3.1.2/ --with-mpfr-lib=/usr/local/pacerepov1/mpfr/3.1.2/lib --with-mpc=/usr/local/pacerepov1/gcc/mpc/0.9/ --with-mpc-lib=/usr/local/pacerepov1/gcc/mpc/0.9/lib/ --enable-languages=c,c++,fortran,go
Thread model: posix
gcc version 7.3.0 (GCC) 
COMPILER_PATH=/nv/usr-local-rhel6.7/pacerepov1/gcc/7.3.0/bin/../libexec/gcc/x86_64-pc-linux-gnu/7.3.0/:/nv/usr-local-rhel6.7/pacerepov1/gcc/7.3.0/bin/../libexec/gcc/
LIBRARY_PATH=/nv/usr-local-rhel6.7/pacerepov1/gcc/7.3.0/bin/../lib/gcc/x86_64-pc-linux-gnu/7.3.0/:/nv/usr-local-rhel6.7/pacerepov1/gcc/7.3.0/bin/../lib/gcc/:/nv/usr-local-rhel6.7/pacerepov1/gcc/7.3.0/bin/../lib/gcc/x86_64-pc-linux-gnu/7.3.0/../../../../lib64/:/lib/../lib64/:/usr/lib/../lib64/:/nv/usr-local-rhel6.7/pacerepov1/gcc/7.3.0/bin/../lib/gcc/x86_64-pc-linux-gnu/7.3.0/../../../:/lib/:/usr/lib/
COLLECT_GCC_OPTIONS='-L/usr/local/pacerepov1/gcc/mpc/0.9/lib' '-L/usr/local/pacerepov1/gcc/mpfr/3.1.0/lib' '-L/usr/local/pacerepov1/gmp/6.1.0/lib' '-L/usr/local/pacerepov1/gcc/7.3.0/lib64' '-v' '-o' 'cmTC_a5775' '-mtune=generic' '-march=x86-64'
 /nv/usr-local-rhel6.7/pacerepov1/gcc/7.3.0/bin/../libexec/gcc/x86_64-pc-linux-gnu/7.3.0/collect2 --eh-frame-hdr -m elf_x86_64 -dynamic-linker /lib64/ld-linux-x86-64.so.2 -o cmTC_a5775 /usr/lib/../lib64/crt1.o /usr/lib/../lib64/crti.o /nv/usr-local-rhel6.7/pacerepov1/gcc/7.3.0/bin/../lib/gcc/x86_64-pc-linux-gnu/7.3.0/crtbegin.o -L/usr/local/pacerepov1/gcc/mpc/0.9/lib -L/usr/local/pacerepov1/gcc/mpfr/3.1.0/lib -L/usr/local/pacerepov1/gmp/6.1.0/lib -L/usr/local/pacerepov1/gcc/7.3.0/lib64 -L/nv/usr-local-rhel6.7/pacerepov1/gcc/7.3.0/bin/../lib/gcc/x86_64-pc-linux-gnu/7.3.0 -L/nv/usr-local-rhel6.7/pacerepov1/gcc/7.3.0/bin/../lib/gcc -L/nv/usr-local-rhel6.7/pacerepov1/gcc/7.3.0/bin/../lib/gcc/x86_64-pc-linux-gnu/7.3.0/../../../../lib64 -L/lib/../lib64 -L/usr/lib/../lib64 -L/nv/usr-local-rhel6.7/pacerepov1/gcc/7.3.0/bin/../lib/gcc/x86_64-pc-linux-gnu/7.3.0/../../.. CMakeFiles/cmTC_a5775.dir/CMakeCCompilerABI.c.o -lgcc --as-needed -lgcc_s --no-as-needed -lc -lgcc --as-needed -lgcc_s --no-as-needed /nv/usr-local-rhel6.7/pacerepov1/gcc/7.3.0/bin/../lib/gcc/x86_64-pc-linux-gnu/7.3.0/crtend.o /usr/lib/../lib64/crtn.o
COLLECT_GCC_OPTIONS='-L/usr/local/pacerepov1/gcc/mpc/0.9/lib' '-L/usr/local/pacerepov1/gcc/mpfr/3.1.0/lib' '-L/usr/local/pacerepov1/gmp/6.1.0/lib' '-L/usr/local/pacerepov1/gcc/7.3.0/lib64' '-v' '-o' 'cmTC_a5775' '-mtune=generic' '-march=x86-64'
gmake[1]: Leaving directory `/nv/coc-ice/nmehta78/se3/build/CMakeFiles/CMakeTmp'


Parsed C implicit link information from above output:
  link line regex: [^( *|.*[/\])(ld|CMAKE_LINK_STARTFILE-NOTFOUND|([^/\]+-)?ld|collect2)[^/\]*( |$)]
  ignore line: [Change Dir: /nv/coc-ice/nmehta78/se3/build/CMakeFiles/CMakeTmp]
  ignore line: []
  ignore line: [Run Build Command:"/usr/bin/gmake" "cmTC_a5775/fast"]
  ignore line: [/usr/bin/gmake -f CMakeFiles/cmTC_a5775.dir/build.make CMakeFiles/cmTC_a5775.dir/build]
  ignore line: [gmake[1]: Entering directory `/nv/coc-ice/nmehta78/se3/build/CMakeFiles/CMakeTmp']
  ignore line: [Building C object CMakeFiles/cmTC_a5775.dir/CMakeCCompilerABI.c.o]
  ignore line: [/usr/local/pacerepov1/gcc/7.3.0/bin/gcc    -o CMakeFiles/cmTC_a5775.dir/CMakeCCompilerABI.c.o   -c /nv/usr-local-rhel6.7/pacerepov1/cmake/3.9.1/share/cmake-3.9/Modules/CMakeCCompilerABI.c]
  ignore line: [Linking C executable cmTC_a5775]
  ignore line: [/nv/usr-local-rhel6.7/pacerepov1/cmake/3.9.1/bin/cmake -E cmake_link_script CMakeFiles/cmTC_a5775.dir/link.txt --verbose=1]
  ignore line: [/usr/local/pacerepov1/gcc/7.3.0/bin/gcc    -L/usr/local/pacerepov1/gcc/mpc/0.9/lib -L/usr/local/pacerepov1/gcc/mpfr/3.1.0/lib -L/usr/local/pacerepov1/gmp/6.1.0/lib -L/usr/local/pacerepov1/gcc/7.3.0/lib64 -v CMakeFiles/cmTC_a5775.dir/CMakeCCompilerABI.c.o  -o cmTC_a5775 ]
  ignore line: [Using built-in specs.]
  ignore line: [COLLECT_GCC=/usr/local/pacerepov1/gcc/7.3.0/bin/gcc]
  ignore line: [COLLECT_LTO_WRAPPER=/nv/usr-local-rhel6.7/pacerepov1/gcc/7.3.0/bin/../libexec/gcc/x86_64-pc-linux-gnu/7.3.0/lto-wrapper]
  ignore line: [Target: x86_64-pc-linux-gnu]
  ignore line: [Configured with: ../configure --prefix=/usr/local/pacerepov1/gcc/7.3.0/ --with-gmp=/usr/local/pacerepov1/gmp/6.1.0/gcc-4.9.0/ --with-gmp-lib=/usr/local/pacerepov1/gmp/6.1.0/gcc-4.9.0/lib/ --with-mpfr=/usr/local/pacerepov1/mpfr/3.1.2/ --with-mpfr-lib=/usr/local/pacerepov1/mpfr/3.1.2/lib --with-mpc=/usr/local/pacerepov1/gcc/mpc/0.9/ --with-mpc-lib=/usr/local/pacerepov1/gcc/mpc/0.9/lib/ --enable-languages=c,c++,fortran,go]
  ignore line: [Thread model: posix]
  ignore line: [gcc version 7.3.0 (GCC) ]
  ignore line: [COMPILER_PATH=/nv/usr-local-rhel6.7/pacerepov1/gcc/7.3.0/bin/../libexec/gcc/x86_64-pc-linux-gnu/7.3.0/:/nv/usr-local-rhel6.7/pacerepov1/gcc/7.3.0/bin/../libexec/gcc/]
  ignore line: [LIBRARY_PATH=/nv/usr-local-rhel6.7/pacerepov1/gcc/7.3.0/bin/../lib/gcc/x86_64-pc-linux-gnu/7.3.0/:/nv/usr-local-rhel6.7/pacerepov1/gcc/7.3.0/bin/../lib/gcc/:/nv/usr-local-rhel6.7/pacerepov1/gcc/7.3.0/bin/../lib/gcc/x86_64-pc-linux-gnu/7.3.0/../../../../lib64/:/lib/../lib64/:/usr/lib/../lib64/:/nv/usr-local-rhel6.7/pacerepov1/gcc/7.3.0/bin/../lib/gcc/x86_64-pc-linux-gnu/7.3.0/../../../:/lib/:/usr/lib/]
  ignore line: [COLLECT_GCC_OPTIONS='-L/usr/local/pacerepov1/gcc/mpc/0.9/lib' '-L/usr/local/pacerepov1/gcc/mpfr/3.1.0/lib' '-L/usr/local/pacerepov1/gmp/6.1.0/lib' '-L/usr/local/pacerepov1/gcc/7.3.0/lib64' '-v' '-o' 'cmTC_a5775' '-mtune=generic' '-march=x86-64']
  link line: [ /nv/usr-local-rhel6.7/pacerepov1/gcc/7.3.0/bin/../libexec/gcc/x86_64-pc-linux-gnu/7.3.0/collect2 --eh-frame-hdr -m elf_x86_64 -dynamic-linker /lib64/ld-linux-x86-64.so.2 -o cmTC_a5775 /usr/lib/../lib64/crt1.o /usr/lib/../lib64/crti.o /nv/usr-local-rhel6.7/pacerepov1/gcc/7.3.0/bin/../lib/gcc/x86_64-pc-linux-gnu/7.3.0/crtbegin.o -L/usr/local/pacerepov1/gcc/mpc/0.9/lib -L/usr/local/pacerepov1/gcc/mpfr/3.1.0/lib -L/usr/local/pacerepov1/gmp/6.1.0/lib -L/usr/local/pacerepov1/gcc/7.3.0/lib64 -L/nv/usr-local-rhel6.7/pacerepov1/gcc/7.3.0/bin/../lib/gcc/x86_64-pc-linux-gnu/7.3.0 -L/nv/usr-local-rhel6.7/pacerepov1/gcc/7.3.0/bin/../lib/gcc -L/nv/usr-local-rhel6.7/pacerepov1/gcc/7.3.0/bin/../lib/gcc/x86_64-pc-linux-gnu/7.3.0/../../../../lib64 -L/lib/../lib64 -L/usr/lib/../lib64 -L/nv/usr-local-rhel6.7/pacerepov1/gcc/7.3.0/bin/../lib/gcc/x86_64-pc-linux-gnu/7.3.0/../../.. CMakeFiles/cmTC_a5775.dir/CMakeCCompilerABI.c.o -lgcc --as-needed -lgcc_s --no-as-needed -lc -lgcc --as-needed -lgcc_s --no-as-needed /nv/usr-local-rhel6.7/pacerepov1/gcc/7.3.0/bin/../lib/gcc/x86_64-pc-linux-gnu/7.3.0/crtend.o /usr/lib/../lib64/crtn.o]
    arg [/nv/usr-local-rhel6.7/pacerepov1/gcc/7.3.0/bin/../libexec/gcc/x86_64-pc-linux-gnu/7.3.0/collect2] ==> ignore
    arg [--eh-frame-hdr] ==> ignore
    arg [-m] ==> ignore
    arg [elf_x86_64] ==> ignore
    arg [-dynamic-linker] ==> ignore
    arg [/lib64/ld-linux-x86-64.so.2] ==> ignore
    arg [-o] ==> ignore
    arg [cmTC_a5775] ==> ignore
    arg [/usr/lib/../lib64/crt1.o] ==> ignore
    arg [/usr/lib/../lib64/crti.o] ==> ignore
    arg [/nv/usr-local-rhel6.7/pacerepov1/gcc/7.3.0/bin/../lib/gcc/x86_64-pc-linux-gnu/7.3.0/crtbegin.o] ==> ignore
    arg [-L/usr/local/pacerepov1/gcc/mpc/0.9/lib] ==> dir [/usr/local/pacerepov1/gcc/mpc/0.9/lib]
    arg [-L/usr/local/pacerepov1/gcc/mpfr/3.1.0/lib] ==> dir [/usr/local/pacerepov1/gcc/mpfr/3.1.0/lib]
    arg [-L/usr/local/pacerepov1/gmp/6.1.0/lib] ==> dir [/usr/local/pacerepov1/gmp/6.1.0/lib]
    arg [-L/usr/local/pacerepov1/gcc/7.3.0/lib64] ==> dir [/usr/local/pacerepov1/gcc/7.3.0/lib64]
    arg [-L/nv/usr-local-rhel6.7/pacerepov1/gcc/7.3.0/bin/../lib/gcc/x86_64-pc-linux-gnu/7.3.0] ==> dir [/nv/usr-local-rhel6.7/pacerepov1/gcc/7.3.0/bin/../lib/gcc/x86_64-pc-linux-gnu/7.3.0]
    arg [-L/nv/usr-local-rhel6.7/pacerepov1/gcc/7.3.0/bin/../lib/gcc] ==> dir [/nv/usr-local-rhel6.7/pacerepov1/gcc/7.3.0/bin/../lib/gcc]
    arg [-L/nv/usr-local-rhel6.7/pacerepov1/gcc/7.3.0/bin/../lib/gcc/x86_64-pc-linux-gnu/7.3.0/../../../../lib64] ==> dir [/nv/usr-local-rhel6.7/pacerepov1/gcc/7.3.0/bin/../lib/gcc/x86_64-pc-linux-gnu/7.3.0/../../../../lib64]
    arg [-L/lib/../lib64] ==> dir [/lib/../lib64]
    arg [-L/usr/lib/../lib64] ==> dir [/usr/lib/../lib64]
    arg [-L/nv/usr-local-rhel6.7/pacerepov1/gcc/7.3.0/bin/../lib/gcc/x86_64-pc-linux-gnu/7.3.0/../../..] ==> dir [/nv/usr-local-rhel6.7/pacerepov1/gcc/7.3.0/bin/../lib/gcc/x86_64-pc-linux-gnu/7.3.0/../../..]
    arg [CMakeFiles/cmTC_a5775.dir/CMakeCCompilerABI.c.o] ==> ignore
    arg [-lgcc] ==> lib [gcc]
    arg [--as-needed] ==> ignore
    arg [-lgcc_s] ==> lib [gcc_s]
    arg [--no-as-needed] ==> ignore
    arg [-lc] ==> lib [c]
    arg [-lgcc] ==> lib [gcc]
    arg [--as-needed] ==> ignore
    arg [-lgcc_s] ==> lib [gcc_s]
    arg [--no-as-needed] ==> ignore
    arg [/nv/usr-local-rhel6.7/pacerepov1/gcc/7.3.0/bin/../lib/gcc/x86_64-pc-linux-gnu/7.3.0/crtend.o] ==> ignore
    arg [/usr/lib/../lib64/crtn.o] ==> ignore
  collapse library dir [/usr/local/pacerepov1/gcc/mpc/0.9/lib] ==> [/usr/local/pacerepov1/gcc/mpc/0.9/lib]
  collapse library dir [/usr/local/pacerepov1/gcc/mpfr/3.1.0/lib] ==> [/usr/local/pacerepov1/gcc/mpfr/3.1.0/lib]
  collapse library dir [/usr/local/pacerepov1/gmp/6.1.0/lib] ==> [/usr/local/pacerepov1/gmp/6.1.0/lib]
  collapse library dir [/usr/local/pacerepov1/gcc/7.3.0/lib64] ==> [/usr/local/pacerepov1/gcc/7.3.0/lib64]
  collapse library dir [/nv/usr-local-rhel6.7/pacerepov1/gcc/7.3.0/bin/../lib/gcc/x86_64-pc-linux-gnu/7.3.0] ==> [/nv/usr-local-rhel6.7/pacerepov1/gcc/7.3.0/lib/gcc/x86_64-pc-linux-gnu/7.3.0]
  collapse library dir [/nv/usr-local-rhel6.7/pacerepov1/gcc/7.3.0/bin/../lib/gcc] ==> [/nv/usr-local-rhel6.7/pacerepov1/gcc/7.3.0/lib/gcc]
  collapse library dir [/nv/usr-local-rhel6.7/pacerepov1/gcc/7.3.0/bin/../lib/gcc/x86_64-pc-linux-gnu/7.3.0/../../../../lib64] ==> [/nv/usr-local-rhel6.7/pacerepov1/gcc/7.3.0/lib64]
  collapse library dir [/lib/../lib64] ==> [/lib64]
  collapse library dir [/usr/lib/../lib64] ==> [/usr/lib64]
  collapse library dir [/nv/usr-local-rhel6.7/pacerepov1/gcc/7.3.0/bin/../lib/gcc/x86_64-pc-linux-gnu/7.3.0/../../..] ==> [/nv/usr-local-rhel6.7/pacerepov1/gcc/7.3.0/lib]
  implicit libs: [gcc;gcc_s;c;gcc;gcc_s]
  implicit dirs: [/usr/local/pacerepov1/gcc/mpc/0.9/lib;/usr/local/pacerepov1/gcc/mpfr/3.1.0/lib;/usr/local/pacerepov1/gmp/6.1.0/lib;/usr/local/pacerepov1/gcc/7.3.0/lib64;/nv/usr-local-rhel6.7/pacerepov1/gcc/7.3.0/lib/gcc/x86_64-pc-linux-gnu/7.3.0;/nv/usr-local-rhel6.7/pacerepov1/gcc/7.3.0/lib/gcc;/nv/usr-local-rhel6.7/pacerepov1/gcc/7.3.0/lib64;/lib64;/usr/lib64;/nv/usr-local-rhel6.7/pacerepov1/gcc/7.3.0/lib]
  implicit fwks: []




Detecting C [-std=c11] compiler features compiled with the following output:
Change Dir: /nv/coc-ice/nmehta78/se3/build/CMakeFiles/CMakeTmp

Run Build Command:"/usr/bin/gmake" "cmTC_e0d95/fast"
/usr/bin/gmake -f CMakeFiles/cmTC_e0d95.dir/build.make CMakeFiles/cmTC_e0d95.dir/build
gmake[1]: Entering directory `/nv/coc-ice/nmehta78/se3/build/CMakeFiles/CMakeTmp'
Building C object CMakeFiles/cmTC_e0d95.dir/feature_tests.c.o
/usr/local/pacerepov1/gcc/7.3.0/bin/gcc   -std=c11 -o CMakeFiles/cmTC_e0d95.dir/feature_tests.c.o   -c /nv/coc-ice/nmehta78/se3/build/CMakeFiles/feature_tests.c
Linking C executable cmTC_e0d95
/nv/usr-local-rhel6.7/pacerepov1/cmake/3.9.1/bin/cmake -E cmake_link_script CMakeFiles/cmTC_e0d95.dir/link.txt --verbose=1
/usr/local/pacerepov1/gcc/7.3.0/bin/gcc    -L/usr/local/pacerepov1/gcc/mpc/0.9/lib -L/usr/local/pacerepov1/gcc/mpfr/3.1.0/lib -L/usr/local/pacerepov1/gmp/6.1.0/lib -L/usr/local/pacerepov1/gcc/7.3.0/lib64  CMakeFiles/cmTC_e0d95.dir/feature_tests.c.o  -o cmTC_e0d95 
gmake[1]: Leaving directory `/nv/coc-ice/nmehta78/se3/build/CMakeFiles/CMakeTmp'


    Feature record: C_FEATURE:1c_function_prototypes
    Feature record: C_FEATURE:1c_restrict
    Feature record: C_FEATURE:1c_static_assert
    Feature record: C_FEATURE:1c_variadic_macros


Detecting C [-std=c99] compiler features compiled with the following output:
Change Dir: /nv/coc-ice/nmehta78/se3/build/CMakeFiles/CMakeTmp

Run Build Command:"/usr/bin/gmake" "cmTC_c84b1/fast"
/usr/bin/gmake -f CMakeFiles/cmTC_c84b1.dir/build.make CMakeFiles/cmTC_c84b1.dir/build
gmake[1]: Entering directory `/nv/coc-ice/nmehta78/se3/build/CMakeFiles/CMakeTmp'
Building C object CMakeFiles/cmTC_c84b1.dir/feature_tests.c.o
/usr/local/pacerepov1/gcc/7.3.0/bin/gcc   -std=c99 -o CMakeFiles/cmTC_c84b1.dir/feature_tests.c.o   -c /nv/coc-ice/nmehta78/se3/build/CMakeFiles/feature_tests.c
Linking C executable cmTC_c84b1
/nv/usr-local-rhel6.7/pacerepov1/cmake/3.9.1/bin/cmake -E cmake_link_script CMakeFiles/cmTC_c84b1.dir/link.txt --verbose=1
/usr/local/pacerepov1/gcc/7.3.0/bin/gcc    -L/usr/local/pacerepov1/gcc/mpc/0.9/lib -L/usr/local/pacerepov1/gcc/mpfr/3.1.0/lib -L/usr/local/pacerepov1/gmp/6.1.0/lib -L/usr/local/pacerepov1/gcc/7.3.0/lib64  CMakeFiles/cmTC_c84b1.dir/feature_tests.c.o  -o cmTC_c84b1 
gmake[1]: Leaving directory `/nv/coc-ice/nmehta78/se3/build/CMakeFiles/CMakeTmp'


    Feature record: C_FEATURE:1c_function_prototypes
    Feature record: C_FEATURE:1c_restrict
    Feature record: C_FEATURE:0c_static_assert
    Feature record: C_FEATURE:1c_variadic_macros


Detecting C [-std=c90] compiler features compiled with the following output:
Change Dir: /nv/coc-ice/nmehta78/se3/build/CMakeFiles/CMakeTmp

Run Build Command:"/usr/bin/gmake" "cmTC_2560d/fast"
/usr/bin/gmake -f CMakeFiles/cmTC_2560d.dir/build.make CMakeFiles/cmTC_2560d.dir/build
gmake[1]: Entering directory `/nv/coc-ice/nmehta78/se3/build/CMakeFiles/CMakeTmp'
Building C object CMakeFiles/cmTC_2560d.dir/feature_tests.c.o
/usr/local/pacerepov1/gcc/7.3.0/bin/gcc   -std=c90 -o CMakeFiles/cmTC_2560d.dir/feature_tests.c.o   -c /nv/coc-ice/nmehta78/se3/build/CMakeFiles/feature_tests.c
Linking C executable cmTC_2560d
/nv/usr-local-rhel6.7/pacerepov1/cmake/3.9.1/bin/cmake -E cmake_link_script CMakeFiles/cmTC_2560d.dir/link.txt --verbose=1
/usr/local/pacerepov1/gcc/7.3.0/bin/gcc    -L/usr/local/pacerepov1/gcc/mpc/0.9/lib -L/usr/local/pacerepov1/gcc/mpfr/3.1.0/lib -L/usr/local/pacerepov1/gmp/6.1.0/lib -L/usr/local/pacerepov1/gcc/7.3.0/lib64  CMakeFiles/cmTC_2560d.dir/feature_tests.c.o  -o cmTC_2560d 
gmake[1]: Leaving directory `/nv/coc-ice/nmehta78/se3/build/CMakeFiles/CMakeTmp'


    Feature record: C_FEATURE:1c_function_prototypes
    Feature record: C_FEATURE:0c_restrict
    Feature record: C_FEATURE:0c_static_assert
    Feature record: C_FEATURE:0c_variadic_macros
Determining if the CXX compiler works passed with the following output:
Change Dir: /nv/coc-ice/nmehta78/se3/build/CMakeFiles/CMakeTmp

Run Build Command:"/usr/bin/gmake" "cmTC_84c1f/fast"
/usr/bin/gmake -f CMakeFiles/cmTC_84c1f.dir/build.make CMakeFiles/cmTC_84c1f.dir/build
gmake[1]: Entering directory `/nv/coc-ice/nmehta78/se3/build/CMakeFiles/CMakeTmp'
Building CXX object CMakeFiles/cmTC_84c1f.dir/testCXXCompiler.cxx.o
/usr/local/pacerepov1/gcc/7.3.0/bin/g++     -o CMakeFiles/cmTC_84c1f.dir/testCXXCompiler.cxx.o -c /nv/coc-ice/nmehta78/se3/build/CMakeFiles/CMakeTmp/testCXXCompiler.cxx
Linking CXX executable cmTC_84c1f
/nv/usr-local-rhel6.7/pacerepov1/cmake/3.9.1/bin/cmake -E cmake_link_script CMakeFiles/cmTC_84c1f.dir/link.txt --verbose=1
/usr/local/pacerepov1/gcc/7.3.0/bin/g++     -L/usr/local/pacerepov1/gcc/mpc/0.9/lib -L/usr/local/pacerepov1/gcc/mpfr/3.1.0/lib -L/usr/local/pacerepov1/gmp/6.1.0/lib -L/usr/local/pacerepov1/gcc/7.3.0/lib64  CMakeFiles/cmTC_84c1f.dir/testCXXCompiler.cxx.o  -o cmTC_84c1f 
gmake[1]: Leaving directory `/nv/coc-ice/nmehta78/se3/build/CMakeFiles/CMakeTmp'


Detecting CXX compiler ABI info compiled with the following output:
Change Dir: /nv/coc-ice/nmehta78/se3/build/CMakeFiles/CMakeTmp

Run Build Command:"/usr/bin/gmake" "cmTC_2ce26/fast"
/usr/bin/gmake -f CMakeFiles/cmTC_2ce26.dir/build.make CMakeFiles/cmTC_2ce26.dir/build
gmake[1]: Entering directory `/nv/coc-ice/nmehta78/se3/build/CMakeFiles/CMakeTmp'
Building CXX object CMakeFiles/cmTC_2ce26.dir/CMakeCXXCompilerABI.cpp.o
/usr/local/pacerepov1/gcc/7.3.0/bin/g++     -o CMakeFiles/cmTC_2ce26.dir/CMakeCXXCompilerABI.cpp.o -c /nv/usr-local-rhel6.7/pacerepov1/cmake/3.9.1/share/cmake-3.9/Modules/CMakeCXXCompilerABI.cpp
Linking CXX executable cmTC_2ce26
/nv/usr-local-rhel6.7/pacerepov1/cmake/3.9.1/bin/cmake -E cmake_link_script CMakeFiles/cmTC_2ce26.dir/link.txt --verbose=1
/usr/local/pacerepov1/gcc/7.3.0/bin/g++     -L/usr/local/pacerepov1/gcc/mpc/0.9/lib -L/usr/local/pacerepov1/gcc/mpfr/3.1.0/lib -L/usr/local/pacerepov1/gmp/6.1.0/lib -L/usr/local/pacerepov1/gcc/7.3.0/lib64 -v CMakeFiles/cmTC_2ce26.dir/CMakeCXXCompilerABI.cpp.o  -o cmTC_2ce26 
Using built-in specs.
COLLECT_GCC=/usr/local/pacerepov1/gcc/7.3.0/bin/g++
COLLECT_LTO_WRAPPER=/nv/usr-local-rhel6.7/pacerepov1/gcc/7.3.0/bin/../libexec/gcc/x86_64-pc-linux-gnu/7.3.0/lto-wrapper
Target: x86_64-pc-linux-gnu
Configured with: ../configure --prefix=/usr/local/pacerepov1/gcc/7.3.0/ --with-gmp=/usr/local/pacerepov1/gmp/6.1.0/gcc-4.9.0/ --with-gmp-lib=/usr/local/pacerepov1/gmp/6.1.0/gcc-4.9.0/lib/ --with-mpfr=/usr/local/pacerepov1/mpfr/3.1.2/ --with-mpfr-lib=/usr/local/pacerepov1/mpfr/3.1.2/lib --with-mpc=/usr/local/pacerepov1/gcc/mpc/0.9/ --with-mpc-lib=/usr/local/pacerepov1/gcc/mpc/0.9/lib/ --enable-languages=c,c++,fortran,go
Thread model: posix
gcc version 7.3.0 (GCC) 
COMPILER_PATH=/nv/usr-local-rhel6.7/pacerepov1/gcc/7.3.0/bin/../libexec/gcc/x86_64-pc-linux-gnu/7.3.0/:/nv/usr-local-rhel6.7/pacerepov1/gcc/7.3.0/bin/../libexec/gcc/
LIBRARY_PATH=/nv/usr-local-rhel6.7/pacerepov1/gcc/7.3.0/bin/../lib/gcc/x86_64-pc-linux-gnu/7.3.0/:/nv/usr-local-rhel6.7/pacerepov1/gcc/7.3.0/bin/../lib/gcc/:/nv/usr-local-rhel6.7/pacerepov1/gcc/7.3.0/bin/../lib/gcc/x86_64-pc-linux-gnu/7.3.0/../../../../lib64/:/lib/../lib64/:/usr/lib/../lib64/:/nv/usr-local-rhel6.7/pacerepov1/gcc/7.3.0/bin/../lib/gcc/x86_64-pc-linux-gnu/7.3.0/../../../:/lib/:/usr/lib/
COLLECT_GCC_OPTIONS='-L/usr/local/pacerepov1/gcc/mpc/0.9/lib' '-L/usr/local/pacerepov1/gcc/mpfr/3.1.0/lib' '-L/usr/local/pacerepov1/gmp/6.1.0/lib' '-L/usr/local/pacerepov1/gcc/7.3.0/lib64' '-v' '-o' 'cmTC_2ce26' '-shared-libgcc' '-mtune=generic' '-march=x86-64'
 /nv/usr-local-rhel6.7/pacerepov1/gcc/7.3.0/bin/../libexec/gcc/x86_64-pc-linux-gnu/7.3.0/collect2 --eh-frame-hdr -m elf_x86_64 -dynamic-linker /lib64/ld-linux-x86-64.so.2 -o cmTC_2ce26 /usr/lib/../lib64/crt1.o /usr/lib/../lib64/crti.o /nv/usr-local-rhel6.7/pacerepov1/gcc/7.3.0/bin/../lib/gcc/x86_64-pc-linux-gnu/7.3.0/crtbegin.o -L/usr/local/pacerepov1/gcc/mpc/0.9/lib -L/usr/local/pacerepov1/gcc/mpfr/3.1.0/lib -L/usr/local/pacerepov1/gmp/6.1.0/lib -L/usr/local/pacerepov1/gcc/7.3.0/lib64 -L/nv/usr-local-rhel6.7/pacerepov1/gcc/7.3.0/bin/../lib/gcc/x86_64-pc-linux-gnu/7.3.0 -L/nv/usr-local-rhel6.7/pacerepov1/gcc/7.3.0/bin/../lib/gcc -L/nv/usr-local-rhel6.7/pacerepov1/gcc/7.3.0/bin/../lib/gcc/x86_64-pc-linux-gnu/7.3.0/../../../../lib64 -L/lib/../lib64 -L/usr/lib/../lib64 -L/nv/usr-local-rhel6.7/pacerepov1/gcc/7.3.0/bin/../lib/gcc/x86_64-pc-linux-gnu/7.3.0/../../.. CMakeFiles/cmTC_2ce26.dir/CMakeCXXCompilerABI.cpp.o -lstdc++ -lm -lgcc_s -lgcc -lc -lgcc_s -lgcc /nv/usr-local-rhel6.7/pacerepov1/gcc/7.3.0/bin/../lib/gcc/x86_64-pc-linux-gnu/7.3.0/crtend.o /usr/lib/../lib64/crtn.o
COLLECT_GCC_OPTIONS='-L/usr/local/pacerepov1/gcc/mpc/0.9/lib' '-L/usr/local/pacerepov1/gcc/mpfr/3.1.0/lib' '-L/usr/local/pacerepov1/gmp/6.1.0/lib' '-L/usr/local/pacerepov1/gcc/7.3.0/lib64' '-v' '-o' 'cmTC_2ce26' '-shared-libgcc' '-mtune=generic' '-march=x86-64'
gmake[1]: Leaving directory `/nv/coc-ice/nmehta78/se3/build/CMakeFiles/CMakeTmp'


Parsed CXX implicit link information from above output:
  link line regex: [^( *|.*[/\])(ld|CMAKE_LINK_STARTFILE-NOTFOUND|([^/\]+-)?ld|collect2)[^/\]*( |$)]
  ignore line: [Change Dir: /nv/coc-ice/nmehta78/se3/build/CMakeFiles/CMakeTmp]
  ignore line: []
  ignore line: [Run Build Command:"/usr/bin/gmake" "cmTC_2ce26/fast"]
  ignore line: [/usr/bin/gmake -f CMakeFiles/cmTC_2ce26.dir/build.make CMakeFiles/cmTC_2ce26.dir/build]
  ignore line: [gmake[1]: Entering directory `/nv/coc-ice/nmehta78/se3/build/CMakeFiles/CMakeTmp']
  ignore line: [Building CXX object CMakeFiles/cmTC_2ce26.dir/CMakeCXXCompilerABI.cpp.o]
  ignore line: [/usr/local/pacerepov1/gcc/7.3.0/bin/g++     -o CMakeFiles/cmTC_2ce26.dir/CMakeCXXCompilerABI.cpp.o -c /nv/usr-local-rhel6.7/pacerepov1/cmake/3.9.1/share/cmake-3.9/Modules/CMakeCXXCompilerABI.cpp]
  ignore line: [Linking CXX executable cmTC_2ce26]
  ignore line: [/nv/usr-local-rhel6.7/pacerepov1/cmake/3.9.1/bin/cmake -E cmake_link_script CMakeFiles/cmTC_2ce26.dir/link.txt --verbose=1]
  ignore line: [/usr/local/pacerepov1/gcc/7.3.0/bin/g++     -L/usr/local/pacerepov1/gcc/mpc/0.9/lib -L/usr/local/pacerepov1/gcc/mpfr/3.1.0/lib -L/usr/local/pacerepov1/gmp/6.1.0/lib -L/usr/local/pacerepov1/gcc/7.3.0/lib64 -v CMakeFiles/cmTC_2ce26.dir/CMakeCXXCompilerABI.cpp.o  -o cmTC_2ce26 ]
  ignore line: [Using built-in specs.]
  ignore line: [COLLECT_GCC=/usr/local/pacerepov1/gcc/7.3.0/bin/g++]
  ignore line: [COLLECT_LTO_WRAPPER=/nv/usr-local-rhel6.7/pacerepov1/gcc/7.3.0/bin/../libexec/gcc/x86_64-pc-linux-gnu/7.3.0/lto-wrapper]
  ignore line: [Target: x86_64-pc-linux-gnu]
  ignore line: [Configured with: ../configure --prefix=/usr/local/pacerepov1/gcc/7.3.0/ --with-gmp=/usr/local/pacerepov1/gmp/6.1.0/gcc-4.9.0/ --with-gmp-lib=/usr/local/pacerepov1/gmp/6.1.0/gcc-4.9.0/lib/ --with-mpfr=/usr/local/pacerepov1/mpfr/3.1.2/ --with-mpfr-lib=/usr/local/pacerepov1/mpfr/3.1.2/lib --with-mpc=/usr/local/pacerepov1/gcc/mpc/0.9/ --with-mpc-lib=/usr/local/pacerepov1/gcc/mpc/0.9/lib/ --enable-languages=c,c++,fortran,go]
  ignore line: [Thread model: posix]
  ignore line: [gcc version 7.3.0 (GCC) ]
  ignore line: [COMPILER_PATH=/nv/usr-local-rhel6.7/pacerepov1/gcc/7.3.0/bin/../libexec/gcc/x86_64-pc-linux-gnu/7.3.0/:/nv/usr-local-rhel6.7/pacerepov1/gcc/7.3.0/bin/../libexec/gcc/]
  ignore line: [LIBRARY_PATH=/nv/usr-local-rhel6.7/pacerepov1/gcc/7.3.0/bin/../lib/gcc/x86_64-pc-linux-gnu/7.3.0/:/nv/usr-local-rhel6.7/pacerepov1/gcc/7.3.0/bin/../lib/gcc/:/nv/usr-local-rhel6.7/pacerepov1/gcc/7.3.0/bin/../lib/gcc/x86_64-pc-linux-gnu/7.3.0/../../../../lib64/:/lib/../lib64/:/usr/lib/../lib64/:/nv/usr-local-rhel6.7/pacerepov1/gcc/7.3.0/bin/../lib/gcc/x86_64-pc-linux-gnu/7.3.0/../../../:/lib/:/usr/lib/]
  ignore line: [COLLECT_GCC_OPTIONS='-L/usr/local/pacerepov1/gcc/mpc/0.9/lib' '-L/usr/local/pacerepov1/gcc/mpfr/3.1.0/lib' '-L/usr/local/pacerepov1/gmp/6.1.0/lib' '-L/usr/local/pacerepov1/gcc/7.3.0/lib64' '-v' '-o' 'cmTC_2ce26' '-shared-libgcc' '-mtune=generic' '-march=x86-64']
  link line: [ /nv/usr-local-rhel6.7/pacerepov1/gcc/7.3.0/bin/../libexec/gcc/x86_64-pc-linux-gnu/7.3.0/collect2 --eh-frame-hdr -m elf_x86_64 -dynamic-linker /lib64/ld-linux-x86-64.so.2 -o cmTC_2ce26 /usr/lib/../lib64/crt1.o /usr/lib/../lib64/crti.o /nv/usr-local-rhel6.7/pacerepov1/gcc/7.3.0/bin/../lib/gcc/x86_64-pc-linux-gnu/7.3.0/crtbegin.o -L/usr/local/pacerepov1/gcc/mpc/0.9/lib -L/usr/local/pacerepov1/gcc/mpfr/3.1.0/lib -L/usr/local/pacerepov1/gmp/6.1.0/lib -L/usr/local/pacerepov1/gcc/7.3.0/lib64 -L/nv/usr-local-rhel6.7/pacerepov1/gcc/7.3.0/bin/../lib/gcc/x86_64-pc-linux-gnu/7.3.0 -L/nv/usr-local-rhel6.7/pacerepov1/gcc/7.3.0/bin/../lib/gcc -L/nv/usr-local-rhel6.7/pacerepov1/gcc/7.3.0/bin/../lib/gcc/x86_64-pc-linux-gnu/7.3.0/../../../../lib64 -L/lib/../lib64 -L/usr/lib/../lib64 -L/nv/usr-local-rhel6.7/pacerepov1/gcc/7.3.0/bin/../lib/gcc/x86_64-pc-linux-gnu/7.3.0/../../.. CMakeFiles/cmTC_2ce26.dir/CMakeCXXCompilerABI.cpp.o -lstdc++ -lm -lgcc_s -lgcc -lc -lgcc_s -lgcc /nv/usr-local-rhel6.7/pacerepov1/gcc/7.3.0/bin/../lib/gcc/x86_64-pc-linux-gnu/7.3.0/crtend.o /usr/lib/../lib64/crtn.o]
    arg [/nv/usr-local-rhel6.7/pacerepov1/gcc/7.3.0/bin/../libexec/gcc/x86_64-pc-linux-gnu/7.3.0/collect2] ==> ignore
    arg [--eh-frame-hdr] ==> ignore
    arg [-m] ==> ignore
    arg [elf_x86_64] ==> ignore
    arg [-dynamic-linker] ==> ignore
    arg [/lib64/ld-linux-x86-64.so.2] ==> ignore
    arg [-o] ==> ignore
    arg [cmTC_2ce26] ==> ignore
    arg [/usr/lib/../lib64/crt1.o] ==> ignore
    arg [/usr/lib/../lib64/crti.o] ==> ignore
    arg [/nv/usr-local-rhel6.7/pacerepov1/gcc/7.3.0/bin/../lib/gcc/x86_64-pc-linux-gnu/7.3.0/crtbegin.o] ==> ignore
    arg [-L/usr/local/pacerepov1/gcc/mpc/0.9/lib] ==> dir [/usr/local/pacerepov1/gcc/mpc/0.9/lib]
    arg [-L/usr/local/pacerepov1/gcc/mpfr/3.1.0/lib] ==> dir [/usr/local/pacerepov1/gcc/mpfr/3.1.0/lib]
    arg [-L/usr/local/pacerepov1/gmp/6.1.0/lib] ==> dir [/usr/local/pacerepov1/gmp/6.1.0/lib]
    arg [-L/usr/local/pacerepov1/gcc/7.3.0/lib64] ==> dir [/usr/local/pacerepov1/gcc/7.3.0/lib64]
    arg [-L/nv/usr-local-rhel6.7/pacerepov1/gcc/7.3.0/bin/../lib/gcc/x86_64-pc-linux-gnu/7.3.0] ==> dir [/nv/usr-local-rhel6.7/pacerepov1/gcc/7.3.0/bin/../lib/gcc/x86_64-pc-linux-gnu/7.3.0]
    arg [-L/nv/usr-local-rhel6.7/pacerepov1/gcc/7.3.0/bin/../lib/gcc] ==> dir [/nv/usr-local-rhel6.7/pacerepov1/gcc/7.3.0/bin/../lib/gcc]
    arg [-L/nv/usr-local-rhel6.7/pacerepov1/gcc/7.3.0/bin/../lib/gcc/x86_64-pc-linux-gnu/7.3.0/../../../../lib64] ==> dir [/nv/usr-local-rhel6.7/pacerepov1/gcc/7.3.0/bin/../lib/gcc/x86_64-pc-linux-gnu/7.3.0/../../../../lib64]
    arg [-L/lib/../lib64] ==> dir [/lib/../lib64]
    arg [-L/usr/lib/../lib64] ==> dir [/usr/lib/../lib64]
    arg [-L/nv/usr-local-rhel6.7/pacerepov1/gcc/7.3.0/bin/../lib/gcc/x86_64-pc-linux-gnu/7.3.0/../../..] ==> dir [/nv/usr-local-rhel6.7/pacerepov1/gcc/7.3.0/bin/../lib/gcc/x86_64-pc-linux-gnu/7.3.0/../../..]
    arg [CMakeFiles/cmTC_2ce26.dir/CMakeCXXCompilerABI.cpp.o] ==> ignore
    arg [-lstdc++] ==> lib [stdc++]
    arg [-lm] ==> lib [m]
    arg [-lgcc_s] ==> lib [gcc_s]
    arg [-lgcc] ==> lib [gcc]
    arg [-lc] ==> lib [c]
    arg [-lgcc_s] ==> lib [gcc_s]
    arg [-lgcc] ==> lib [gcc]
    arg [/nv/usr-local-rhel6.7/pacerepov1/gcc/7.3.0/bin/../lib/gcc/x86_64-pc-linux-gnu/7.3.0/crtend.o] ==> ignore
    arg [/usr/lib/../lib64/crtn.o] ==> ignore
  collapse library dir [/usr/local/pacerepov1/gcc/mpc/0.9/lib] ==> [/usr/local/pacerepov1/gcc/mpc/0.9/lib]
  collapse library dir [/usr/local/pacerepov1/gcc/mpfr/3.1.0/lib] ==> [/usr/local/pacerepov1/gcc/mpfr/3.1.0/lib]
  collapse library dir [/usr/local/pacerepov1/gmp/6.1.0/lib] ==> [/usr/local/pacerepov1/gmp/6.1.0/lib]
  collapse library dir [/usr/local/pacerepov1/gcc/7.3.0/lib64] ==> [/usr/local/pacerepov1/gcc/7.3.0/lib64]
  collapse library dir [/nv/usr-local-rhel6.7/pacerepov1/gcc/7.3.0/bin/../lib/gcc/x86_64-pc-linux-gnu/7.3.0] ==> [/nv/usr-local-rhel6.7/pacerepov1/gcc/7.3.0/lib/gcc/x86_64-pc-linux-gnu/7.3.0]
  collapse library dir [/nv/usr-local-rhel6.7/pacerepov1/gcc/7.3.0/bin/../lib/gcc] ==> [/nv/usr-local-rhel6.7/pacerepov1/gcc/7.3.0/lib/gcc]
  collapse library dir [/nv/usr-local-rhel6.7/pacerepov1/gcc/7.3.0/bin/../lib/gcc/x86_64-pc-linux-gnu/7.3.0/../../../../lib64] ==> [/nv/usr-local-rhel6.7/pacerepov1/gcc/7.3.0/lib64]
  collapse library dir [/lib/../lib64] ==> [/lib64]
  collapse library dir [/usr/lib/../lib64] ==> [/usr/lib64]
  collapse library dir [/nv/usr-local-rhel6.7/pacerepov1/gcc/7.3.0/bin/../lib/gcc/x86_64-pc-linux-gnu/7.3.0/../../..] ==> [/nv/usr-local-rhel6.7/pacerepov1/gcc/7.3.0/lib]
  implicit libs: [stdc++;m;gcc_s;gcc;c;gcc_s;gcc]
  implicit dirs: [/usr/local/pacerepov1/gcc/mpc/0.9/lib;/usr/local/pacerepov1/gcc/mpfr/3.1.0/lib;/usr/local/pacerepov1/gmp/6.1.0/lib;/usr/local/pacerepov1/gcc/7.3.0/lib64;/nv/usr-local-rhel6.7/pacerepov1/gcc/7.3.0/lib/gcc/x86_64-pc-linux-gnu/7.3.0;/nv/usr-local-rhel6.7/pacerepov1/gcc/7.3.0/lib/gcc;/nv/usr-local-rhel6.7/pacerepov1/gcc/7.3.0/lib64;/lib64;/usr/lib64;/nv/usr-local-rhel6.7/pacerepov1/gcc/7.3.0/lib]
  implicit fwks: []




Detecting CXX [-std=c++1z] compiler features compiled with the following output:
Change Dir: /nv/coc-ice/nmehta78/se3/build/CMakeFiles/CMakeTmp

Run Build Command:"/usr/bin/gmake" "cmTC_a31ba/fast"
/usr/bin/gmake -f CMakeFiles/cmTC_a31ba.dir/build.make CMakeFiles/cmTC_a31ba.dir/build
gmake[1]: Entering directory `/nv/coc-ice/nmehta78/se3/build/CMakeFiles/CMakeTmp'
Building CXX object CMakeFiles/cmTC_a31ba.dir/feature_tests.cxx.o
/usr/local/pacerepov1/gcc/7.3.0/bin/g++    -std=c++1z -o CMakeFiles/cmTC_a31ba.dir/feature_tests.cxx.o -c /nv/coc-ice/nmehta78/se3/build/CMakeFiles/feature_tests.cxx
Linking CXX executable cmTC_a31ba
/nv/usr-local-rhel6.7/pacerepov1/cmake/3.9.1/bin/cmake -E cmake_link_script CMakeFiles/cmTC_a31ba.dir/link.txt --verbose=1
/usr/local/pacerepov1/gcc/7.3.0/bin/g++     -L/usr/local/pacerepov1/gcc/mpc/0.9/lib -L/usr/local/pacerepov1/gcc/mpfr/3.1.0/lib -L/usr/local/pacerepov1/gmp/6.1.0/lib -L/usr/local/pacerepov1/gcc/7.3.0/lib64  CMakeFiles/cmTC_a31ba.dir/feature_tests.cxx.o  -o cmTC_a31ba 
gmake[1]: Leaving directory `/nv/coc-ice/nmehta78/se3/build/CMakeFiles/CMakeTmp'


    Feature record: CXX_FEATURE:1cxx_aggregate_default_initializers
    Feature record: CXX_FEATURE:1cxx_alias_templates
    Feature record: CXX_FEATURE:1cxx_alignas
    Feature record: CXX_FEATURE:1cxx_alignof
    Feature record: CXX_FEATURE:1cxx_attributes
    Feature record: CXX_FEATURE:1cxx_attribute_deprecated
    Feature record: CXX_FEATURE:1cxx_auto_type
    Feature record: CXX_FEATURE:1cxx_binary_literals
    Feature record: CXX_FEATURE:1cxx_constexpr
    Feature record: CXX_FEATURE:1cxx_contextual_conversions
    Feature record: CXX_FEATURE:1cxx_decltype
    Feature record: CXX_FEATURE:1cxx_decltype_auto
    Feature record: CXX_FEATURE:1cxx_decltype_incomplete_return_types
    Feature record: CXX_FEATURE:1cxx_default_function_template_args
    Feature record: CXX_FEATURE:1cxx_defaulted_functions
    Feature record: CXX_FEATURE:1cxx_defaulted_move_initializers
    Feature record: CXX_FEATURE:1cxx_delegating_constructors
    Feature record: CXX_FEATURE:1cxx_deleted_functions
    Feature record: CXX_FEATURE:1cxx_digit_separators
    Feature record: CXX_FEATURE:1cxx_enum_forward_declarations
    Feature record: CXX_FEATURE:1cxx_explicit_conversions
    Feature record: CXX_FEATURE:1cxx_extended_friend_declarations
    Feature record: CXX_FEATURE:1cxx_extern_templates
    Feature record: CXX_FEATURE:1cxx_final
    Feature record: CXX_FEATURE:1cxx_func_identifier
    Feature record: CXX_FEATURE:1cxx_generalized_initializers
    Feature record: CXX_FEATURE:1cxx_generic_lambdas
    Feature record: CXX_FEATURE:1cxx_inheriting_constructors
    Feature record: CXX_FEATURE:1cxx_inline_namespaces
    Feature record: CXX_FEATURE:1cxx_lambdas
    Feature record: CXX_FEATURE:1cxx_lambda_init_captures
    Feature record: CXX_FEATURE:1cxx_local_type_template_args
    Feature record: CXX_FEATURE:1cxx_long_long_type
    Feature record: CXX_FEATURE:1cxx_noexcept
    Feature record: CXX_FEATURE:1cxx_nonstatic_member_init
    Feature record: CXX_FEATURE:1cxx_nullptr
    Feature record: CXX_FEATURE:1cxx_override
    Feature record: CXX_FEATURE:1cxx_range_for
    Feature record: CXX_FEATURE:1cxx_raw_string_literals
    Feature record: CXX_FEATURE:1cxx_reference_qualified_functions
    Feature record: CXX_FEATURE:1cxx_relaxed_constexpr
    Feature record: CXX_FEATURE:1cxx_return_type_deduction
    Feature record: CXX_FEATURE:1cxx_right_angle_brackets
    Feature record: CXX_FEATURE:1cxx_rvalue_references
    Feature record: CXX_FEATURE:1cxx_sizeof_member
    Feature record: CXX_FEATURE:1cxx_static_assert
    Feature record: CXX_FEATURE:1cxx_strong_enums
    Feature record: CXX_FEATURE:1cxx_template_template_parameters
    Feature record: CXX_FEATURE:1cxx_thread_local
    Feature record: CXX_FEATURE:1cxx_trailing_return_types
    Feature record: CXX_FEATURE:1cxx_unicode_literals
    Feature record: CXX_FEATURE:1cxx_uniform_initialization
    Feature record: CXX_FEATURE:1cxx_unrestricted_unions
    Feature record: CXX_FEATURE:1cxx_user_literals
    Feature record: CXX_FEATURE:1cxx_variable_templates
    Feature record: CXX_FEATURE:1cxx_variadic_macros
    Feature record: CXX_FEATURE:1cxx_variadic_templates


Detecting CXX [-std=c++14] compiler features compiled with the following output:
Change Dir: /nv/coc-ice/nmehta78/se3/build/CMakeFiles/CMakeTmp

Run Build Command:"/usr/bin/gmake" "cmTC_47f24/fast"
/usr/bin/gmake -f CMakeFiles/cmTC_47f24.dir/build.make CMakeFiles/cmTC_47f24.dir/build
gmake[1]: Entering directory `/nv/coc-ice/nmehta78/se3/build/CMakeFiles/CMakeTmp'
Building CXX object CMakeFiles/cmTC_47f24.dir/feature_tests.cxx.o
/usr/local/pacerepov1/gcc/7.3.0/bin/g++    -std=c++14 -o CMakeFiles/cmTC_47f24.dir/feature_tests.cxx.o -c /nv/coc-ice/nmehta78/se3/build/CMakeFiles/feature_tests.cxx
Linking CXX executable cmTC_47f24
/nv/usr-local-rhel6.7/pacerepov1/cmake/3.9.1/bin/cmake -E cmake_link_script CMakeFiles/cmTC_47f24.dir/link.txt --verbose=1
/usr/local/pacerepov1/gcc/7.3.0/bin/g++     -L/usr/local/pacerepov1/gcc/mpc/0.9/lib -L/usr/local/pacerepov1/gcc/mpfr/3.1.0/lib -L/usr/local/pacerepov1/gmp/6.1.0/lib -L/usr/local/pacerepov1/gcc/7.3.0/lib64  CMakeFiles/cmTC_47f24.dir/feature_tests.cxx.o  -o cmTC_47f24 
gmake[1]: Leaving directory `/nv/coc-ice/nmehta78/se3/build/CMakeFiles/CMakeTmp'


    Feature record: CXX_FEATURE:1cxx_aggregate_default_initializers
    Feature record: CXX_FEATURE:1cxx_alias_templates
    Feature record: CXX_FEATURE:1cxx_alignas
    Feature record: CXX_FEATURE:1cxx_alignof
    Feature record: CXX_FEATURE:1cxx_attributes
    Feature record: CXX_FEATURE:1cxx_attribute_deprecated
    Feature record: CXX_FEATURE:1cxx_auto_type
    Feature record: CXX_FEATURE:1cxx_binary_literals
    Feature record: CXX_FEATURE:1cxx_constexpr
    Feature record: CXX_FEATURE:1cxx_contextual_conversions
    Feature record: CXX_FEATURE:1cxx_decltype
    Feature record: CXX_FEATURE:1cxx_decltype_auto
    Feature record: CXX_FEATURE:1cxx_decltype_incomplete_return_types
    Feature record: CXX_FEATURE:1cxx_default_function_template_args
    Feature record: CXX_FEATURE:1cxx_defaulted_functions
    Feature record: CXX_FEATURE:1cxx_defaulted_move_initializers
    Feature record: CXX_FEATURE:1cxx_delegating_constructors
    Feature record: CXX_FEATURE:1cxx_deleted_functions
    Feature record: CXX_FEATURE:1cxx_digit_separators
    Feature record: CXX_FEATURE:1cxx_enum_forward_declarations
    Feature record: CXX_FEATURE:1cxx_explicit_conversions
    Feature record: CXX_FEATURE:1cxx_extended_friend_declarations
    Feature record: CXX_FEATURE:1cxx_extern_templates
    Feature record: CXX_FEATURE:1cxx_final
    Feature record: CXX_FEATURE:1cxx_func_identifier
    Feature record: CXX_FEATURE:1cxx_generalized_initializers
    Feature record: CXX_FEATURE:1cxx_generic_lambdas
    Feature record: CXX_FEATURE:1cxx_inheriting_constructors
    Feature record: CXX_FEATURE:1cxx_inline_namespaces
    Feature record: CXX_FEATURE:1cxx_lambdas
    Feature record: CXX_FEATURE:1cxx_lambda_init_captures
    Feature record: CXX_FEATURE:1cxx_local_type_template_args
    Feature record: CXX_FEATURE:1cxx_long_long_type
    Feature record: CXX_FEATURE:1cxx_noexcept
    Feature record: CXX_FEATURE:1cxx_nonstatic_member_init
    Feature record: CXX_FEATURE:1cxx_nullptr
    Feature record: CXX_FEATURE:1cxx_override
    Feature record: CXX_FEATURE:1cxx_range_for
    Feature record: CXX_FEATURE:1cxx_raw_string_literals
    Feature record: CXX_FEATURE:1cxx_reference_qualified_functions
    Feature record: CXX_FEATURE:1cxx_relaxed_constexpr
    Feature record: CXX_FEATURE:1cxx_return_type_deduction
    Feature record: CXX_FEATURE:1cxx_right_angle_brackets
    Feature record: CXX_FEATURE:1cxx_rvalue_references
    Feature record: CXX_FEATURE:1cxx_sizeof_member
    Feature record: CXX_FEATURE:1cxx_static_assert
    Feature record: CXX_FEATURE:1cxx_strong_enums
    Feature record: CXX_FEATURE:1cxx_template_template_parameters
    Feature record: CXX_FEATURE:1cxx_thread_local
    Feature record: CXX_FEATURE:1cxx_trailing_return_types
    Feature record: CXX_FEATURE:1cxx_unicode_literals
    Feature record: CXX_FEATURE:1cxx_uniform_initialization
    Feature record: CXX_FEATURE:1cxx_unrestricted_unions
    Feature record: CXX_FEATURE:1cxx_user_literals
    Feature record: CXX_FEATURE:1cxx_variable_templates
    Feature record: CXX_FEATURE:1cxx_variadic_macros
    Feature record: CXX_FEATURE:1cxx_variadic_templates


Detecting CXX [-std=c++11] compiler features compiled with the following output:
Change Dir: /nv/coc-ice/nmehta78/se3/build/CMakeFiles/CMakeTmp

Run Build Command:"/usr/bin/gmake" "cmTC_432e2/fast"
/usr/bin/gmake -f CMakeFiles/cmTC_432e2.dir/build.make CMakeFiles/cmTC_432e2.dir/build
gmake[1]: Entering directory `/nv/coc-ice/nmehta78/se3/build/CMakeFiles/CMakeTmp'
Building CXX object CMakeFiles/cmTC_432e2.dir/feature_tests.cxx.o
/usr/local/pacerepov1/gcc/7.3.0/bin/g++    -std=c++11 -o CMakeFiles/cmTC_432e2.dir/feature_tests.cxx.o -c /nv/coc-ice/nmehta78/se3/build/CMakeFiles/feature_tests.cxx
Linking CXX executable cmTC_432e2
/nv/usr-local-rhel6.7/pacerepov1/cmake/3.9.1/bin/cmake -E cmake_link_script CMakeFiles/cmTC_432e2.dir/link.txt --verbose=1
/usr/local/pacerepov1/gcc/7.3.0/bin/g++     -L/usr/local/pacerepov1/gcc/mpc/0.9/lib -L/usr/local/pacerepov1/gcc/mpfr/3.1.0/lib -L/usr/local/pacerepov1/gmp/6.1.0/lib -L/usr/local/pacerepov1/gcc/7.3.0/lib64  CMakeFiles/cmTC_432e2.dir/feature_tests.cxx.o  -o cmTC_432e2 
gmake[1]: Leaving directory `/nv/coc-ice/nmehta78/se3/build/CMakeFiles/CMakeTmp'


    Feature record: CXX_FEATURE:0cxx_aggregate_default_initializers
    Feature record: CXX_FEATURE:1cxx_alias_templates
    Feature record: CXX_FEATURE:1cxx_alignas
    Feature record: CXX_FEATURE:1cxx_alignof
    Feature record: CXX_FEATURE:1cxx_attributes
    Feature record: CXX_FEATURE:0cxx_attribute_deprecated
    Feature record: CXX_FEATURE:1cxx_auto_type
    Feature record: CXX_FEATURE:0cxx_binary_literals
    Feature record: CXX_FEATURE:1cxx_constexpr
    Feature record: CXX_FEATURE:0cxx_contextual_conversions
    Feature record: CXX_FEATURE:1cxx_decltype
    Feature record: CXX_FEATURE:0cxx_decltype_auto
    Feature record: CXX_FEATURE:1cxx_decltype_incomplete_return_types
    Feature record: CXX_FEATURE:1cxx_default_function_template_args
    Feature record: CXX_FEATURE:1cxx_defaulted_functions
    Feature record: CXX_FEATURE:1cxx_defaulted_move_initializers
    Feature record: CXX_FEATURE:1cxx_delegating_constructors
    Feature record: CXX_FEATURE:1cxx_deleted_functions
    Feature record: CXX_FEATURE:0cxx_digit_separators
    Feature record: CXX_FEATURE:1cxx_enum_forward_declarations
    Feature record: CXX_FEATURE:1cxx_explicit_conversions
    Feature record: CXX_FEATURE:1cxx_extended_friend_declarations
    Feature record: CXX_FEATURE:1cxx_extern_templates
    Feature record: CXX_FEATURE:1cxx_final
    Feature record: CXX_FEATURE:1cxx_func_identifier
    Feature record: CXX_FEATURE:1cxx_generalized_initializers
    Feature record: CXX_FEATURE:0cxx_generic_lambdas
    Feature record: CXX_FEATURE:1cxx_inheriting_constructors
    Feature record: CXX_FEATURE:1cxx_inline_namespaces
    Feature record: CXX_FEATURE:1cxx_lambdas
    Feature record: CXX_FEATURE:0cxx_lambda_init_captures
    Feature record: CXX_FEATURE:1cxx_local_type_template_args
    Feature record: CXX_FEATURE:1cxx_long_long_type
    Feature record: CXX_FEATURE:1cxx_noexcept
    Feature record: CXX_FEATURE:1cxx_nonstatic_member_init
    Feature record: CXX_FEATURE:1cxx_nullptr
    Feature record: CXX_FEATURE:1cxx_override
    Feature record: CXX_FEATURE:1cxx_range_for
    Feature record: CXX_FEATURE:1cxx_raw_string_literals
    Feature record: CXX_FEATURE:1cxx_reference_qualified_functions
    Feature record: CXX_FEATURE:0cxx_relaxed_constexpr
    Feature record: CXX_FEATURE:0cxx_return_type_deduction
    Feature record: CXX_FEATURE:1cxx_right_angle_brackets
    Feature record: CXX_FEATURE:1cxx_rvalue_references
    Feature record: CXX_FEATURE:1cxx_sizeof_member
    Feature record: CXX_FEATURE:1cxx_static_assert
    Feature record: CXX_FEATURE:1cxx_strong_enums
    Feature record: CXX_FEATURE:1cxx_template_template_parameters
    Feature record: CXX_FEATURE:1cxx_thread_local
    Feature record: CXX_FEATURE:1cxx_trailing_return_types
    Feature record: CXX_FEATURE:1cxx_unicode_literals
    Feature record: CXX_FEATURE:1cxx_uniform_initialization
    Feature record: CXX_FEATURE:1cxx_unrestricted_unions
    Feature record: CXX_FEATURE:1cxx_user_literals
    Feature record: CXX_FEATURE:0cxx_variable_templates
    Feature record: CXX_FEATURE:1cxx_variadic_macros
    Feature record: CXX_FEATURE:1cxx_variadic_templates


Detecting CXX [-std=c++98] compiler features compiled with the following output:
Change Dir: /nv/coc-ice/nmehta78/se3/build/CMakeFiles/CMakeTmp

Run Build Command:"/usr/bin/gmake" "cmTC_86a9d/fast"
/usr/bin/gmake -f CMakeFiles/cmTC_86a9d.dir/build.make CMakeFiles/cmTC_86a9d.dir/build
gmake[1]: Entering directory `/nv/coc-ice/nmehta78/se3/build/CMakeFiles/CMakeTmp'
Building CXX object CMakeFiles/cmTC_86a9d.dir/feature_tests.cxx.o
/usr/local/pacerepov1/gcc/7.3.0/bin/g++    -std=c++98 -o CMakeFiles/cmTC_86a9d.dir/feature_tests.cxx.o -c /nv/coc-ice/nmehta78/se3/build/CMakeFiles/feature_tests.cxx
Linking CXX executable cmTC_86a9d
/nv/usr-local-rhel6.7/pacerepov1/cmake/3.9.1/bin/cmake -E cmake_link_script CMakeFiles/cmTC_86a9d.dir/link.txt --verbose=1
/usr/local/pacerepov1/gcc/7.3.0/bin/g++     -L/usr/local/pacerepov1/gcc/mpc/0.9/lib -L/usr/local/pacerepov1/gcc/mpfr/3.1.0/lib -L/usr/local/pacerepov1/gmp/6.1.0/lib -L/usr/local/pacerepov1/gcc/7.3.0/lib64  CMakeFiles/cmTC_86a9d.dir/feature_tests.cxx.o  -o cmTC_86a9d 
gmake[1]: Leaving directory `/nv/coc-ice/nmehta78/se3/build/CMakeFiles/CMakeTmp'


    Feature record: CXX_FEATURE:0cxx_aggregate_default_initializers
    Feature record: CXX_FEATURE:0cxx_alias_templates
    Feature record: CXX_FEATURE:0cxx_alignas
    Feature record: CXX_FEATURE:0cxx_alignof
    Feature record: CXX_FEATURE:0cxx_attributes
    Feature record: CXX_FEATURE:0cxx_attribute_deprecated
    Feature record: CXX_FEATURE:0cxx_auto_type
    Feature record: CXX_FEATURE:0cxx_binary_literals
    Feature record: CXX_FEATURE:0cxx_constexpr
    Feature record: CXX_FEATURE:0cxx_contextual_conversions
    Feature record: CXX_FEATURE:0cxx_decltype
    Feature record: CXX_FEATURE:0cxx_decltype_auto
    Feature record: CXX_FEATURE:0cxx_decltype_incomplete_return_types
    Feature record: CXX_FEATURE:0cxx_default_function_template_args
    Feature record: CXX_FEATURE:0cxx_defaulted_functions
    Feature record: CXX_FEATURE:0cxx_defaulted_move_initializers
    Feature record: CXX_FEATURE:0cxx_delegating_constructors
    Feature record: CXX_FEATURE:0cxx_deleted_functions
    Feature record: CXX_FEATURE:0cxx_digit_separators
    Feature record: CXX_FEATURE:0cxx_enum_forward_declarations
    Feature record: CXX_FEATURE:0cxx_explicit_conversions
    Feature record: CXX_FEATURE:0cxx_extended_friend_declarations
    Feature record: CXX_FEATURE:0cxx_extern_templates
    Feature record: CXX_FEATURE:0cxx_final
    Feature record: CXX_FEATURE:0cxx_func_identifier
    Feature record: CXX_FEATURE:0cxx_generalized_initializers
    Feature record: CXX_FEATURE:0cxx_generic_lambdas
    Feature record: CXX_FEATURE:0cxx_inheriting_constructors
    Feature record: CXX_FEATURE:0cxx_inline_namespaces
    Feature record: CXX_FEATURE:0cxx_lambdas
    Feature record: CXX_FEATURE:0cxx_lambda_init_captures
    Feature record: CXX_FEATURE:0cxx_local_type_template_args
    Feature record: CXX_FEATURE:0cxx_long_long_type
    Feature record: CXX_FEATURE:0cxx_noexcept
    Feature record: CXX_FEATURE:0cxx_nonstatic_member_init
    Feature record: CXX_FEATURE:0cxx_nullptr
    Feature record: CXX_FEATURE:0cxx_override
    Feature record: CXX_FEATURE:0cxx_range_for
    Feature record: CXX_FEATURE:0cxx_raw_string_literals
    Feature record: CXX_FEATURE:0cxx_reference_qualified_functions
    Feature record: CXX_FEATURE:0cxx_relaxed_constexpr
    Feature record: CXX_FEATURE:0cxx_return_type_deduction
    Feature record: CXX_FEATURE:0cxx_right_angle_brackets
    Feature record: CXX_FEATURE:0cxx_rvalue_references
    Feature record: CXX_FEATURE:0cxx_sizeof_member
    Feature record: CXX_FEATURE:0cxx_static_assert
    Feature record: CXX_FEATURE:0cxx_strong_enums
    Feature record: CXX_FEATURE:1cxx_template_template_parameters
    Feature record: CXX_FEATURE:0cxx_thread_local
    Feature record: CXX_FEATURE:0cxx_trailing_return_types
    Feature record: CXX_FEATURE:0cxx_unicode_literals
    Feature record: CXX_FEATURE:0cxx_uniform_initialization
    Feature record: CXX_FEATURE:0cxx_unrestricted_unions
    Feature record: CXX_FEATURE:0cxx_user_literals
    Feature record: CXX_FEATURE:0cxx_variable_templates
    Feature record: CXX_FEATURE:0cxx_variadic_macros
    Feature record: CXX_FEATURE:0cxx_variadic_templates
Determining if the include file pthread.h exists passed with the following output:
Change Dir: /nv/coc-ice/nmehta78/se3/build/CMakeFiles/CMakeTmp

Run Build Command:"/usr/bin/gmake" "cmTC_861fb/fast"
/usr/bin/gmake -f CMakeFiles/cmTC_861fb.dir/build.make CMakeFiles/cmTC_861fb.dir/build
gmake[1]: Entering directory `/nv/coc-ice/nmehta78/se3/build/CMakeFiles/CMakeTmp'
Building C object CMakeFiles/cmTC_861fb.dir/CheckIncludeFile.c.o
/usr/local/pacerepov1/gcc/7.3.0/bin/gcc    -o CMakeFiles/cmTC_861fb.dir/CheckIncludeFile.c.o   -c /nv/coc-ice/nmehta78/se3/build/CMakeFiles/CMakeTmp/CheckIncludeFile.c
Linking C executable cmTC_861fb
/nv/usr-local-rhel6.7/pacerepov1/cmake/3.9.1/bin/cmake -E cmake_link_script CMakeFiles/cmTC_861fb.dir/link.txt --verbose=1
/usr/local/pacerepov1/gcc/7.3.0/bin/gcc    -L/usr/local/pacerepov1/gcc/mpc/0.9/lib -L/usr/local/pacerepov1/gcc/mpfr/3.1.0/lib -L/usr/local/pacerepov1/gmp/6.1.0/lib -L/usr/local/pacerepov1/gcc/7.3.0/lib64  CMakeFiles/cmTC_861fb.dir/CheckIncludeFile.c.o  -o cmTC_861fb 
gmake[1]: Leaving directory `/nv/coc-ice/nmehta78/se3/build/CMakeFiles/CMakeTmp'


Determining if the function pthread_create exists in the pthread passed with the following output:
Change Dir: /nv/coc-ice/nmehta78/se3/build/CMakeFiles/CMakeTmp

Run Build Command:"/usr/bin/gmake" "cmTC_00daf/fast"
/usr/bin/gmake -f CMakeFiles/cmTC_00daf.dir/build.make CMakeFiles/cmTC_00daf.dir/build
gmake[1]: Entering directory `/nv/coc-ice/nmehta78/se3/build/CMakeFiles/CMakeTmp'
Building C object CMakeFiles/cmTC_00daf.dir/CheckFunctionExists.c.o
/usr/local/pacerepov1/gcc/7.3.0/bin/gcc   -DCHECK_FUNCTION_EXISTS=pthread_create   -o CMakeFiles/cmTC_00daf.dir/CheckFunctionExists.c.o   -c /nv/usr-local-rhel6.7/pacerepov1/cmake/3.9.1/share/cmake-3.9/Modules/CheckFunctionExists.c
Linking C executable cmTC_00daf
/nv/usr-local-rhel6.7/pacerepov1/cmake/3.9.1/bin/cmake -E cmake_link_script CMakeFiles/cmTC_00daf.dir/link.txt --verbose=1
/usr/local/pacerepov1/gcc/7.3.0/bin/gcc  -DCHECK_FUNCTION_EXISTS=pthread_create  -L/usr/local/pacerepov1/gcc/mpc/0.9/lib -L/usr/local/pacerepov1/gcc/mpfr/3.1.0/lib -L/usr/local/pacerepov1/gmp/6.1.0/lib -L/usr/local/pacerepov1/gcc/7.3.0/lib64  CMakeFiles/cmTC_00daf.dir/CheckFunctionExists.c.o  -o cmTC_00daf -lpthread 
gmake[1]: Leaving directory `/nv/coc-ice/nmehta78/se3/build/CMakeFiles/CMakeTmp'


