Determining if the pthread_create exist failed with the following output:
Change Dir: /nv/coc-ice/nmehta78/p2/build/CMakeFiles/CMakeTmp

Run Build Command:"/usr/bin/gmake" "cmTC_f6bea/fast"
/usr/bin/gmake -f CMakeFiles/cmTC_f6bea.dir/build.make CMakeFiles/cmTC_f6bea.dir/build
gmake[1]: Entering directory `/nv/coc-ice/nmehta78/p2/build/CMakeFiles/CMakeTmp'
Building C object CMakeFiles/cmTC_f6bea.dir/CheckSymbolExists.c.o
/usr/bin/cc   -fPIC    -o CMakeFiles/cmTC_f6bea.dir/CheckSymbolExists.c.o   -c /nv/coc-ice/nmehta78/p2/build/CMakeFiles/CMakeTmp/CheckSymbolExists.c
Linking C executable cmTC_f6bea
/nv/usr-local-rhel6.7/pacerepov1/cmake/3.9.1/bin/cmake -E cmake_link_script CMakeFiles/cmTC_f6bea.dir/link.txt --verbose=1
/usr/bin/cc -fPIC   -L/usr/local/pacerepov1/cuda/9.1/lib64 -L/usr/local/pacerepov1/cuda/9.1/lib  CMakeFiles/cmTC_f6bea.dir/CheckSymbolExists.c.o  -o cmTC_f6bea 
CMakeFiles/cmTC_f6bea.dir/CheckSymbolExists.c.o: In function `main':
CheckSymbolExists.c:(.text+0xe): undefined reference to `pthread_create'
collect2: ld returned 1 exit status
gmake[1]: *** [cmTC_f6bea] Error 1
gmake[1]: Leaving directory `/nv/coc-ice/nmehta78/p2/build/CMakeFiles/CMakeTmp'
gmake: *** [cmTC_f6bea/fast] Error 2

File /nv/coc-ice/nmehta78/p2/build/CMakeFiles/CMakeTmp/CheckSymbolExists.c:
/* */
#include <pthread.h>

int main(int argc, char** argv)
{
  (void)argv;
#ifndef pthread_create
  return ((int*)(&pthread_create))[argc];
#else
  (void)argc;
  return 0;
#endif
}

Determining if the function pthread_create exists in the pthreads failed with the following output:
Change Dir: /nv/coc-ice/nmehta78/p2/build/CMakeFiles/CMakeTmp

Run Build Command:"/usr/bin/gmake" "cmTC_d8d9b/fast"
/usr/bin/gmake -f CMakeFiles/cmTC_d8d9b.dir/build.make CMakeFiles/cmTC_d8d9b.dir/build
gmake[1]: Entering directory `/nv/coc-ice/nmehta78/p2/build/CMakeFiles/CMakeTmp'
Building C object CMakeFiles/cmTC_d8d9b.dir/CheckFunctionExists.c.o
/usr/bin/cc   -fPIC -DCHECK_FUNCTION_EXISTS=pthread_create   -o CMakeFiles/cmTC_d8d9b.dir/CheckFunctionExists.c.o   -c /nv/usr-local-rhel6.7/pacerepov1/cmake/3.9.1/share/cmake-3.9/Modules/CheckFunctionExists.c
Linking C executable cmTC_d8d9b
/nv/usr-local-rhel6.7/pacerepov1/cmake/3.9.1/bin/cmake -E cmake_link_script CMakeFiles/cmTC_d8d9b.dir/link.txt --verbose=1
/usr/bin/cc -fPIC -DCHECK_FUNCTION_EXISTS=pthread_create  -L/usr/local/pacerepov1/cuda/9.1/lib64 -L/usr/local/pacerepov1/cuda/9.1/lib  CMakeFiles/cmTC_d8d9b.dir/CheckFunctionExists.c.o  -o cmTC_d8d9b -lpthreads 
/usr/bin/ld: cannot find -lpthreads
collect2: ld returned 1 exit status
gmake[1]: *** [cmTC_d8d9b] Error 1
gmake[1]: Leaving directory `/nv/coc-ice/nmehta78/p2/build/CMakeFiles/CMakeTmp'
gmake: *** [cmTC_d8d9b/fast] Error 2


